{"C:\\Users\\way2a\\wrap-store\\src\\components\\Header.js": {"path":"C:\\Users\\way2a\\wrap-store\\src\\components\\Header.js","statementMap":{"0":{"start":{"line":10,"column":15},"end":{"line":80,"column":1}},"1":{"start":{"line":11,"column":13},"end":{"line":11,"column":36}},"2":{"start":{"line":12,"column":32},"end":{"line":12,"column":36}},"3":{"start":{"line":13,"column":15},"end":{"line":13,"column":55}},"4":{"start":{"line":13,"column":38},"end":{"line":13,"column":54}},"5":{"start":{"line":15,"column":2},"end":{"line":79,"column":4}},"6":{"start":{"line":35,"column":12},"end":{"line":35,"column":40}}},"fnMap":{"0":{"name":"(anonymous_0)","decl":{"start":{"line":10,"column":15},"end":{"line":10,"column":16}},"loc":{"start":{"line":10,"column":21},"end":{"line":80,"column":1}},"line":10},"1":{"name":"(anonymous_1)","decl":{"start":{"line":13,"column":27},"end":{"line":13,"column":28}},"loc":{"start":{"line":13,"column":38},"end":{"line":13,"column":54}},"line":13},"2":{"name":"(anonymous_2)","decl":{"start":{"line":34,"column":20},"end":{"line":34,"column":21}},"loc":{"start":{"line":34,"column":27},"end":{"line":36,"column":11}},"line":34}},"branchMap":{},"s":{"0":1,"1":1,"2":1,"3":1,"4":2,"5":1,"6":0},"f":{"0":1,"1":2,"2":0},"b":{},"_coverageSchema":"1a1c01bbd47fc00a2c39e90264f33305004495a9","hash":"6ae798bd47ec49f0f476535025fc9cc331324209"}
,"C:\\Users\\way2a\\wrap-store\\src\\components\\Login.js": {"path":"C:\\Users\\way2a\\wrap-store\\src\\components\\Login.js","statementMap":{"0":{"start":{"line":3,"column":14},"end":{"line":76,"column":1}},"1":{"start":{"line":4,"column":28},"end":{"line":4,"column":40}},"2":{"start":{"line":5,"column":36},"end":{"line":5,"column":51}},"3":{"start":{"line":7,"column":2},"end":{"line":75,"column":4}},"4":{"start":{"line":27,"column":29},"end":{"line":27,"column":53}},"5":{"start":{"line":28,"column":27},"end":{"line":28,"column":45}},"6":{"start":{"line":29,"column":26},"end":{"line":29,"column":45}}},"fnMap":{"0":{"name":"(anonymous_0)","decl":{"start":{"line":3,"column":14},"end":{"line":3,"column":15}},"loc":{"start":{"line":3,"column":20},"end":{"line":76,"column":1}},"line":3},"1":{"name":"(anonymous_1)","decl":{"start":{"line":27,"column":22},"end":{"line":27,"column":23}},"loc":{"start":{"line":27,"column":29},"end":{"line":27,"column":53}},"line":27},"2":{"name":"(anonymous_2)","decl":{"start":{"line":28,"column":21},"end":{"line":28,"column":22}},"loc":{"start":{"line":28,"column":27},"end":{"line":28,"column":45}},"line":28},"3":{"name":"(anonymous_3)","decl":{"start":{"line":29,"column":20},"end":{"line":29,"column":21}},"loc":{"start":{"line":29,"column":26},"end":{"line":29,"column":45}},"line":29}},"branchMap":{"0":{"loc":{"start":{"line":31,"column":14},"end":{"line":31,"column":65}},"type":"cond-expr","locations":[{"start":{"line":31,"column":26},"end":{"line":31,"column":44}},{"start":{"line":31,"column":47},"end":{"line":31,"column":65}}],"line":31}},"s":{"0":1,"1":2,"2":2,"3":2,"4":0,"5":0,"6":0},"f":{"0":2,"1":0,"2":0,"3":0},"b":{"0":[0,2]},"_coverageSchema":"1a1c01bbd47fc00a2c39e90264f33305004495a9","hash":"251209a5b46aa153191eb2de145cf203854823ff"}
,"C:\\Users\\way2a\\wrap-store\\src\\utils\\UserContext.js": {"path":"C:\\Users\\way2a\\wrap-store\\src\\utils\\UserContext.js","statementMap":{"0":{"start":{"line":3,"column":20},"end":{"line":3,"column":37}}},"fnMap":{},"branchMap":{},"s":{"0":1},"f":{},"b":{},"_coverageSchema":"1a1c01bbd47fc00a2c39e90264f33305004495a9","hash":"89f966561b39a923fe08d0a169a19a63cef140cb"}
,"C:\\Users\\way2a\\wrap-store\\src\\utils\\appStore.js": {"path":"C:\\Users\\way2a\\wrap-store\\src\\utils\\appStore.js","statementMap":{"0":{"start":{"line":4,"column":17},"end":{"line":8,"column":2}}},"fnMap":{},"branchMap":{},"s":{"0":1},"f":{},"b":{},"_coverageSchema":"1a1c01bbd47fc00a2c39e90264f33305004495a9","hash":"7774d21815dce66a2309bc66a6fc8c634792cfb3"}
,"C:\\Users\\way2a\\wrap-store\\src\\utils\\cartSlice.js": {"path":"C:\\Users\\way2a\\wrap-store\\src\\utils\\cartSlice.js","statementMap":{"0":{"start":{"line":3,"column":18},"end":{"line":19,"column":2}},"1":{"start":{"line":10,"column":6},"end":{"line":10,"column":39}},"2":{"start":{"line":13,"column":6},"end":{"line":13,"column":24}},"3":{"start":{"line":16,"column":6},"end":{"line":16,"column":29}},"4":{"start":{"line":21,"column":50},"end":{"line":21,"column":67}}},"fnMap":{"0":{"name":"(anonymous_0)","decl":{"start":{"line":9,"column":13},"end":{"line":9,"column":14}},"loc":{"start":{"line":9,"column":32},"end":{"line":11,"column":5}},"line":9},"1":{"name":"(anonymous_1)","decl":{"start":{"line":12,"column":16},"end":{"line":12,"column":17}},"loc":{"start":{"line":12,"column":27},"end":{"line":14,"column":5}},"line":12},"2":{"name":"(anonymous_2)","decl":{"start":{"line":15,"column":15},"end":{"line":15,"column":16}},"loc":{"start":{"line":15,"column":26},"end":{"line":17,"column":5}},"line":15}},"branchMap":{},"s":{"0":1,"1":0,"2":0,"3":0,"4":1},"f":{"0":0,"1":0,"2":0},"b":{},"_coverageSchema":"1a1c01bbd47fc00a2c39e90264f33305004495a9","hash":"a3cdc8dcaea7485b3cced5ae7fd80522a2457138"}
,"C:\\Users\\way2a\\wrap-store\\src\\utils\\constant.js": {"path":"C:\\Users\\way2a\\wrap-store\\src\\utils\\constant.js","statementMap":{"0":{"start":{"line":2,"column":2},"end":{"line":2,"column":80}},"1":{"start":{"line":4,"column":31},"end":{"line":4,"column":64}}},"fnMap":{},"branchMap":{},"s":{"0":1,"1":1},"f":{},"b":{},"_coverageSchema":"1a1c01bbd47fc00a2c39e90264f33305004495a9","hash":"81a3439b56088a3235ba53930ef28406be89fed6"}
}
