{"C:\\Users\\way2a\\wrap-store\\src\\components\\Login.js": {"path":"C:\\Users\\way2a\\wrap-store\\src\\components\\Login.js","statementMap":{"0":{"start":{"line":3,"column":14},"end":{"line":76,"column":1}},"1":{"start":{"line":4,"column":28},"end":{"line":4,"column":40}},"2":{"start":{"line":5,"column":36},"end":{"line":5,"column":51}},"3":{"start":{"line":7,"column":2},"end":{"line":75,"column":4}},"4":{"start":{"line":27,"column":29},"end":{"line":27,"column":53}},"5":{"start":{"line":28,"column":27},"end":{"line":28,"column":45}},"6":{"start":{"line":29,"column":26},"end":{"line":29,"column":45}}},"fnMap":{"0":{"name":"(anonymous_0)","decl":{"start":{"line":3,"column":14},"end":{"line":3,"column":15}},"loc":{"start":{"line":3,"column":20},"end":{"line":76,"column":1}},"line":3},"1":{"name":"(anonymous_1)","decl":{"start":{"line":27,"column":22},"end":{"line":27,"column":23}},"loc":{"start":{"line":27,"column":29},"end":{"line":27,"column":53}},"line":27},"2":{"name":"(anonymous_2)","decl":{"start":{"line":28,"column":21},"end":{"line":28,"column":22}},"loc":{"start":{"line":28,"column":27},"end":{"line":28,"column":45}},"line":28},"3":{"name":"(anonymous_3)","decl":{"start":{"line":29,"column":20},"end":{"line":29,"column":21}},"loc":{"start":{"line":29,"column":26},"end":{"line":29,"column":45}},"line":29}},"branchMap":{"0":{"loc":{"start":{"line":31,"column":14},"end":{"line":31,"column":65}},"type":"cond-expr","locations":[{"start":{"line":31,"column":26},"end":{"line":31,"column":44}},{"start":{"line":31,"column":47},"end":{"line":31,"column":65}}],"line":31}},"s":{"0":1,"1":2,"2":2,"3":2,"4":0,"5":0,"6":0},"f":{"0":2,"1":0,"2":0,"3":0},"b":{"0":[0,2]},"_coverageSchema":"1a1c01bbd47fc00a2c39e90264f33305004495a9","hash":"251209a5b46aa153191eb2de145cf203854823ff"}
}
